{"level":"info","message":"HTTP request"}
{"level":"info","message":"HTTP request"}
{"level":"info","message":"HTTP request"}
{"level":"info","message":"HTTP request"}
{"level":"info","message":"HTTP request"}
{"level":"info","message":"HTTP request"}
{"level":"info","message":"HTTP request"}
{"level":"info","message":"HTTP request"}
{"level":"info","message":"HTTP request"}
{"level":"info","message":"HTTP request"}
{"level":"info","message":"HTTP request"}
{"level":"info","message":"HTTP request"}
{"level":"info","message":"HTTP request"}
{"level":"info","message":"HTTP request"}
{"level":"info","message":"HTTP request"}
{"level":"info","message":"HTTP request"}
{"level":"info","message":"HTTP request"}
{"level":"info","message":"HTTP request"}
{"level":"info","message":"HTTP request"}
{"level":"info","message":"HTTP request"}
{"level":"info","message":"HTTP request"}
{"level":"info","message":"HTTP request"}
{"level":"info","message":"HTTP request"}
{"level":"info","message":"HTTP request"}
{"level":"info","message":"HTTP request"}
{"level":"info","message":"HTTP request"}
{"level":"info","message":"HTTP request"}
{"level":"info","message":"HTTP request"}
{"level":"info","message":"HTTP request"}
{"level":"info","message":"HTTP request"}
{"level":"info","message":{"body":{},"method":"GET","timestamp":"2024-08-04T09:31:38.314Z","url":"/"}}
{"level":"info","message":{"body":{},"method":"GET","timestamp":"2024-08-04T09:31:38.511Z","url":"/favicon.ico"}}
{"level":"info","message":{"body":{},"method":"GET","timestamp":"2024-08-04T09:32:50.215Z","url":"/health"}}
{"level":"info","message":{"body":{},"method":"HEAD","timestamp":"2024-08-04T09:44:30.043Z","url":"/health"}}
{"level":"info","message":{"body":{},"method":"HEAD","timestamp":"2024-08-04T09:44:30.340Z","url":"/health"}}
{"level":"info","message":{"body":{},"method":"HEAD","timestamp":"2024-08-04T09:45:00.080Z","url":"/health"}}
